[0m2021.10.13 10:41:23 INFO  Started: Metals version 0.10.7 in workspace '/home/digitalat032590/GitProjects/maintain-protectors-frontend' for client Visual Studio Code 1.61.0.[0m
[0m2021.10.13 10:41:23 INFO  time: initialize in 0.5s[0m
[0m2021.10.13 10:41:24 WARN  Build server is not auto-connectable.[0m
[0m2021.10.13 10:41:56 WARN  no build target for: /home/digitalat032590/GitProjects/maintain-protectors-frontend/app/connectors/TrustAuthConnector.scala[0m
[0m2021.10.13 10:41:59 INFO  no build target: using presentation compiler with only scala-library: 2.12.15[0m
[0m2021.10.13 10:42:01 INFO  time: code lens generation in 4.64s[0m
[0m2021.10.13 10:42:03 WARN  no build target for: /home/digitalat032590/GitProjects/maintain-protectors-frontend/app/connectors/TrustsStoreConnector.scala[0m
[0m2021.10.13 10:42:10 WARN  no build target for: /home/digitalat032590/GitProjects/maintain-protectors-frontend/app/controllers/AddAProtectorController.scala[0m
[0m2021.10.13 10:42:53 INFO  shutting down Metals[0m
[0m2021.10.13 10:42:53 ERROR Unexpected error initializing server
org.eclipse.lsp4j.jsonrpc.ResponseErrorException: Request window/showMessageRequest failed with message: Canceled
	at org.eclipse.lsp4j.jsonrpc.RemoteEndpoint.handleResponse(RemoteEndpoint.java:209)
	at org.eclipse.lsp4j.jsonrpc.RemoteEndpoint.consume(RemoteEndpoint.java:193)
	at org.eclipse.lsp4j.jsonrpc.json.StreamMessageProducer.handleMessage(StreamMessageProducer.java:194)
	at org.eclipse.lsp4j.jsonrpc.json.StreamMessageProducer.listen(StreamMessageProducer.java:94)
	at org.eclipse.lsp4j.jsonrpc.json.ConcurrentMessageProcessor.run(ConcurrentMessageProcessor.java:113)
	at java.util.concurrent.Executors$RunnableAdapter.call(Executors.java:511)
	at java.util.concurrent.FutureTask.run(FutureTask.java:266)
	at java.util.concurrent.ThreadPoolExecutor.runWorker(ThreadPoolExecutor.java:1149)
	at java.util.concurrent.ThreadPoolExecutor$Worker.run(ThreadPoolExecutor.java:624)
	at java.lang.Thread.run(Thread.java:748)
[0m
[0m2021.10.22 10:41:53 INFO  Started: Metals version 0.10.7 in workspace '/home/digitalat032590/GitProjects/maintain-protectors-frontend' for client Visual Studio Code 1.61.2.[0m
[0m2021.10.22 10:41:53 INFO  time: initialize in 0.56s[0m
[0m2021.10.22 10:41:54 WARN  Build server is not auto-connectable.[0m
[0m2021.10.22 10:41:54 WARN  no build target for: /home/digitalat032590/GitProjects/maintain-protectors-frontend/app/controllers/AddAProtectorController.scala[0m
[0m2021.10.22 10:41:54 INFO  skipping build import with status 'Requested'[0m
[0m2021.10.22 10:41:58 INFO  no build target: using presentation compiler with only scala-library: 2.12.15[0m
[0m2021.10.22 10:42:02 INFO  time: code lens generation in 5.91s[0m
[0m2021.10.22 10:42:02 INFO  time: code lens generation in 5.88s[0m
[0m2021.10.22 10:43:06 WARN  no build target for: /home/digitalat032590/GitProjects/maintain-protectors-frontend/app/controllers/actions/DataRequiredAction.scala[0m
Oct 22, 2021 10:43:18 AM org.eclipse.lsp4j.jsonrpc.services.GenericEndpoint notify
INFO: Unsupported notification method: $/setTrace
Oct 22, 2021 10:45:04 AM org.eclipse.lsp4j.jsonrpc.services.GenericEndpoint notify
INFO: Unsupported notification method: $/setTrace
[0m2021.10.22 10:47:38 WARN  no build target for: /home/digitalat032590/GitProjects/maintain-protectors-frontend/app/controllers/LogoutController.scala[0m
[0m2021.10.22 10:47:40 WARN  no build target for: /home/digitalat032590/GitProjects/maintain-protectors-frontend/app/controllers/LogoutController.scala[0m
Oct 22, 2021 10:54:06 AM org.eclipse.lsp4j.jsonrpc.services.GenericEndpoint notify
INFO: Unsupported notification method: $/setTrace
[0m2021.10.22 10:55:08 INFO  shutting down Metals[0m
